[GIN-debug] [WARNING] Creating an Engine instance with the Logger and Recovery middleware already attached.

[GIN-debug] [WARNING] Running in "debug" mode. Switch to "release" mode in production.
 - using env:	export GIN_MODE=release
 - using code:	gin.SetMode(gin.ReleaseMode)

[GIN-debug] [WARNING] Creating an Engine instance with the Logger and Recovery middleware already attached.

[GIN-debug] [WARNING] Running in "debug" mode. Switch to "release" mode in production.
 - using env:	export GIN_MODE=release
 - using code:	gin.SetMode(gin.ReleaseMode)

[GIN-debug] [WARNING] Creating an Engine instance with the Logger and Recovery middleware already attached.

[GIN-debug] [WARNING] Running in "debug" mode. Switch to "release" mode in production.
 - using env:	export GIN_MODE=release
 - using code:	gin.SetMode(gin.ReleaseMode)

[GIN-debug] [WARNING] Creating an Engine instance with the Logger and Recovery middleware already attached.

[GIN-debug] [WARNING] Running in "debug" mode. Switch to "release" mode in production.
 - using env:	export GIN_MODE=release
 - using code:	gin.SetMode(gin.ReleaseMode)

[GIN-debug] [WARNING] Creating an Engine instance with the Logger and Recovery middleware already attached.

[GIN-debug] [WARNING] Running in "debug" mode. Switch to "release" mode in production.
 - using env:	export GIN_MODE=release
 - using code:	gin.SetMode(gin.ReleaseMode)

[GIN-debug] [WARNING] Creating an Engine instance with the Logger and Recovery middleware already attached.

[GIN-debug] [WARNING] Running in "debug" mode. Switch to "release" mode in production.
 - using env:	export GIN_MODE=release
 - using code:	gin.SetMode(gin.ReleaseMode)

[GIN-debug] [WARNING] Creating an Engine instance with the Logger and Recovery middleware already attached.

[GIN-debug] [WARNING] Running in "debug" mode. Switch to "release" mode in production.
 - using env:	export GIN_MODE=release
 - using code:	gin.SetMode(gin.ReleaseMode)

[GIN-debug] [WARNING] Creating an Engine instance with the Logger and Recovery middleware already attached.

[GIN-debug] [WARNING] Running in "debug" mode. Switch to "release" mode in production.
 - using env:	export GIN_MODE=release
 - using code:	gin.SetMode(gin.ReleaseMode)

[GIN-debug] [WARNING] Creating an Engine instance with the Logger and Recovery middleware already attached.

[GIN-debug] [WARNING] Running in "debug" mode. Switch to "release" mode in production.
 - using env:	export GIN_MODE=release
 - using code:	gin.SetMode(gin.ReleaseMode)

[GIN-debug] [WARNING] Creating an Engine instance with the Logger and Recovery middleware already attached.

[GIN-debug] [WARNING] Running in "debug" mode. Switch to "release" mode in production.
 - using env:	export GIN_MODE=release
 - using code:	gin.SetMode(gin.ReleaseMode)

[GIN-debug] [WARNING] Creating an Engine instance with the Logger and Recovery middleware already attached.

[GIN-debug] [WARNING] Running in "debug" mode. Switch to "release" mode in production.
 - using env:	export GIN_MODE=release
 - using code:	gin.SetMode(gin.ReleaseMode)

[GIN-debug] [WARNING] Creating an Engine instance with the Logger and Recovery middleware already attached.

[GIN-debug] [WARNING] Running in "debug" mode. Switch to "release" mode in production.
 - using env:	export GIN_MODE=release
 - using code:	gin.SetMode(gin.ReleaseMode)

[GIN-debug] [WARNING] Creating an Engine instance with the Logger and Recovery middleware already attached.

[GIN-debug] [WARNING] Running in "debug" mode. Switch to "release" mode in production.
 - using env:	export GIN_MODE=release
 - using code:	gin.SetMode(gin.ReleaseMode)

[GIN-debug] [WARNING] Creating an Engine instance with the Logger and Recovery middleware already attached.

[GIN-debug] [WARNING] Running in "debug" mode. Switch to "release" mode in production.
 - using env:	export GIN_MODE=release
 - using code:	gin.SetMode(gin.ReleaseMode)

[GIN-debug] [WARNING] Creating an Engine instance with the Logger and Recovery middleware already attached.

[GIN-debug] [WARNING] Running in "debug" mode. Switch to "release" mode in production.
 - using env:	export GIN_MODE=release
 - using code:	gin.SetMode(gin.ReleaseMode)

[GIN-debug] [WARNING] Creating an Engine instance with the Logger and Recovery middleware already attached.

[GIN-debug] [WARNING] Running in "debug" mode. Switch to "release" mode in production.
 - using env:	export GIN_MODE=release
 - using code:	gin.SetMode(gin.ReleaseMode)

[GIN-debug] [WARNING] Creating an Engine instance with the Logger and Recovery middleware already attached.

[GIN-debug] [WARNING] Running in "debug" mode. Switch to "release" mode in production.
 - using env:	export GIN_MODE=release
 - using code:	gin.SetMode(gin.ReleaseMode)

[GIN-debug] [WARNING] Creating an Engine instance with the Logger and Recovery middleware already attached.

[GIN-debug] [WARNING] Running in "debug" mode. Switch to "release" mode in production.
 - using env:	export GIN_MODE=release
 - using code:	gin.SetMode(gin.ReleaseMode)

[GIN-debug] [WARNING] Creating an Engine instance with the Logger and Recovery middleware already attached.

[GIN-debug] [WARNING] Running in "debug" mode. Switch to "release" mode in production.
 - using env:	export GIN_MODE=release
 - using code:	gin.SetMode(gin.ReleaseMode)

[GIN-debug] [WARNING] Creating an Engine instance with the Logger and Recovery middleware already attached.

[GIN-debug] [WARNING] Running in "debug" mode. Switch to "release" mode in production.
 - using env:	export GIN_MODE=release
 - using code:	gin.SetMode(gin.ReleaseMode)

[GIN-debug] [WARNING] Creating an Engine instance with the Logger and Recovery middleware already attached.

[GIN-debug] [WARNING] Running in "debug" mode. Switch to "release" mode in production.
 - using env:	export GIN_MODE=release
 - using code:	gin.SetMode(gin.ReleaseMode)

[GIN-debug] [WARNING] Creating an Engine instance with the Logger and Recovery middleware already attached.

[GIN-debug] [WARNING] Running in "debug" mode. Switch to "release" mode in production.
 - using env:	export GIN_MODE=release
 - using code:	gin.SetMode(gin.ReleaseMode)

[GIN-debug] [WARNING] Creating an Engine instance with the Logger and Recovery middleware already attached.

[GIN-debug] [WARNING] Running in "debug" mode. Switch to "release" mode in production.
 - using env:	export GIN_MODE=release
 - using code:	gin.SetMode(gin.ReleaseMode)

[GIN-debug] [WARNING] Creating an Engine instance with the Logger and Recovery middleware already attached.

[GIN-debug] [WARNING] Running in "debug" mode. Switch to "release" mode in production.
 - using env:	export GIN_MODE=release
 - using code:	gin.SetMode(gin.ReleaseMode)

[GIN-debug] [WARNING] Creating an Engine instance with the Logger and Recovery middleware already attached.

[GIN-debug] [WARNING] Running in "debug" mode. Switch to "release" mode in production.
 - using env:	export GIN_MODE=release
 - using code:	gin.SetMode(gin.ReleaseMode)

[GIN-debug] [WARNING] Creating an Engine instance with the Logger and Recovery middleware already attached.

[GIN-debug] [WARNING] Running in "debug" mode. Switch to "release" mode in production.
 - using env:	export GIN_MODE=release
 - using code:	gin.SetMode(gin.ReleaseMode)

[GIN-debug] [WARNING] Creating an Engine instance with the Logger and Recovery middleware already attached.

[GIN-debug] [WARNING] Running in "debug" mode. Switch to "release" mode in production.
 - using env:	export GIN_MODE=release
 - using code:	gin.SetMode(gin.ReleaseMode)

[GIN-debug] [WARNING] Creating an Engine instance with the Logger and Recovery middleware already attached.

[GIN-debug] [WARNING] Running in "debug" mode. Switch to "release" mode in production.
 - using env:	export GIN_MODE=release
 - using code:	gin.SetMode(gin.ReleaseMode)

[GIN-debug] [WARNING] Creating an Engine instance with the Logger and Recovery middleware already attached.

[GIN-debug] [WARNING] Running in "debug" mode. Switch to "release" mode in production.
 - using env:	export GIN_MODE=release
 - using code:	gin.SetMode(gin.ReleaseMode)

[GIN-debug] [WARNING] Creating an Engine instance with the Logger and Recovery middleware already attached.

[GIN-debug] [WARNING] Running in "debug" mode. Switch to "release" mode in production.
 - using env:	export GIN_MODE=release
 - using code:	gin.SetMode(gin.ReleaseMode)

[GIN-debug] [WARNING] Creating an Engine instance with the Logger and Recovery middleware already attached.

[GIN-debug] [WARNING] Running in "debug" mode. Switch to "release" mode in production.
 - using env:	export GIN_MODE=release
 - using code:	gin.SetMode(gin.ReleaseMode)

[GIN-debug] [WARNING] Creating an Engine instance with the Logger and Recovery middleware already attached.

[GIN-debug] [WARNING] Running in "debug" mode. Switch to "release" mode in production.
 - using env:	export GIN_MODE=release
 - using code:	gin.SetMode(gin.ReleaseMode)

[GIN-debug] [WARNING] You trusted all proxies, this is NOT safe. We recommend you to set a value.
Please check https://pkg.go.dev/github.com/gin-gonic/gin#readme-don-t-trust-all-proxies for details.
[GIN-debug] Listening and serving HTTP on :8080
[GIN-debug] [WARNING] Creating an Engine instance with the Logger and Recovery middleware already attached.

[GIN-debug] [WARNING] Running in "debug" mode. Switch to "release" mode in production.
 - using env:	export GIN_MODE=release
 - using code:	gin.SetMode(gin.ReleaseMode)

[GIN-debug] [WARNING] Creating an Engine instance with the Logger and Recovery middleware already attached.

[GIN-debug] [WARNING] Running in "debug" mode. Switch to "release" mode in production.
 - using env:	export GIN_MODE=release
 - using code:	gin.SetMode(gin.ReleaseMode)

[GIN-debug] [WARNING] Creating an Engine instance with the Logger and Recovery middleware already attached.

[GIN-debug] [WARNING] Running in "debug" mode. Switch to "release" mode in production.
 - using env:	export GIN_MODE=release
 - using code:	gin.SetMode(gin.ReleaseMode)

[GIN-debug] [WARNING] You trusted all proxies, this is NOT safe. We recommend you to set a value.
Please check https://pkg.go.dev/github.com/gin-gonic/gin#readme-don-t-trust-all-proxies for details.
[GIN-debug] Listening and serving HTTP on :8080
[GIN-debug] [WARNING] Creating an Engine instance with the Logger and Recovery middleware already attached.

[GIN-debug] [WARNING] Running in "debug" mode. Switch to "release" mode in production.
 - using env:	export GIN_MODE=release
 - using code:	gin.SetMode(gin.ReleaseMode)

[GIN-debug] [WARNING] You trusted all proxies, this is NOT safe. We recommend you to set a value.
Please check https://pkg.go.dev/github.com/gin-gonic/gin#readme-don-t-trust-all-proxies for details.
[GIN-debug] Listening and serving HTTP on :8080
[GIN-debug] [WARNING] Creating an Engine instance with the Logger and Recovery middleware already attached.

[GIN-debug] [WARNING] Running in "debug" mode. Switch to "release" mode in production.
 - using env:	export GIN_MODE=release
 - using code:	gin.SetMode(gin.ReleaseMode)

[GIN-debug] [WARNING] Creating an Engine instance with the Logger and Recovery middleware already attached.

[GIN-debug] [WARNING] Running in "debug" mode. Switch to "release" mode in production.
 - using env:	export GIN_MODE=release
 - using code:	gin.SetMode(gin.ReleaseMode)

[GIN-debug] [WARNING] Creating an Engine instance with the Logger and Recovery middleware already attached.

[GIN-debug] [WARNING] Running in "debug" mode. Switch to "release" mode in production.
 - using env:	export GIN_MODE=release
 - using code:	gin.SetMode(gin.ReleaseMode)

[GIN-debug] [WARNING] Creating an Engine instance with the Logger and Recovery middleware already attached.

[GIN-debug] [WARNING] Running in "debug" mode. Switch to "release" mode in production.
 - using env:	export GIN_MODE=release
 - using code:	gin.SetMode(gin.ReleaseMode)

[GIN-debug] [WARNING] Creating an Engine instance with the Logger and Recovery middleware already attached.

[GIN-debug] [WARNING] Running in "debug" mode. Switch to "release" mode in production.
 - using env:	export GIN_MODE=release
 - using code:	gin.SetMode(gin.ReleaseMode)

[GIN-debug] [WARNING] Creating an Engine instance with the Logger and Recovery middleware already attached.

[GIN-debug] [WARNING] Running in "debug" mode. Switch to "release" mode in production.
 - using env:	export GIN_MODE=release
 - using code:	gin.SetMode(gin.ReleaseMode)

[GIN-debug] [WARNING] Creating an Engine instance with the Logger and Recovery middleware already attached.

[GIN-debug] [WARNING] Running in "debug" mode. Switch to "release" mode in production.
 - using env:	export GIN_MODE=release
 - using code:	gin.SetMode(gin.ReleaseMode)

[GIN-debug] [WARNING] Creating an Engine instance with the Logger and Recovery middleware already attached.

[GIN-debug] [WARNING] Running in "debug" mode. Switch to "release" mode in production.
 - using env:	export GIN_MODE=release
 - using code:	gin.SetMode(gin.ReleaseMode)

[GIN-debug] [WARNING] Creating an Engine instance with the Logger and Recovery middleware already attached.

[GIN-debug] [WARNING] Running in "debug" mode. Switch to "release" mode in production.
 - using env:	export GIN_MODE=release
 - using code:	gin.SetMode(gin.ReleaseMode)

[GIN-debug] [WARNING] Creating an Engine instance with the Logger and Recovery middleware already attached.

[GIN-debug] [WARNING] Running in "debug" mode. Switch to "release" mode in production.
 - using env:	export GIN_MODE=release
 - using code:	gin.SetMode(gin.ReleaseMode)

[GIN-debug] [WARNING] Creating an Engine instance with the Logger and Recovery middleware already attached.

[GIN-debug] [WARNING] Running in "debug" mode. Switch to "release" mode in production.
 - using env:	export GIN_MODE=release
 - using code:	gin.SetMode(gin.ReleaseMode)

[GIN-debug] [WARNING] Creating an Engine instance with the Logger and Recovery middleware already attached.

[GIN-debug] [WARNING] Running in "debug" mode. Switch to "release" mode in production.
 - using env:	export GIN_MODE=release
 - using code:	gin.SetMode(gin.ReleaseMode)

[GIN-debug] [WARNING] You trusted all proxies, this is NOT safe. We recommend you to set a value.
Please check https://pkg.go.dev/github.com/gin-gonic/gin#readme-don-t-trust-all-proxies for details.
[GIN-debug] Listening and serving HTTP on :8080
[GIN-debug] [WARNING] Creating an Engine instance with the Logger and Recovery middleware already attached.

[GIN-debug] [WARNING] Running in "debug" mode. Switch to "release" mode in production.
 - using env:	export GIN_MODE=release
 - using code:	gin.SetMode(gin.ReleaseMode)

[GIN-debug] [WARNING] You trusted all proxies, this is NOT safe. We recommend you to set a value.
Please check https://pkg.go.dev/github.com/gin-gonic/gin#readme-don-t-trust-all-proxies for details.
[GIN-debug] Listening and serving HTTP on :8080
[GIN-debug] [WARNING] Creating an Engine instance with the Logger and Recovery middleware already attached.

[GIN-debug] [WARNING] Running in "debug" mode. Switch to "release" mode in production.
 - using env:	export GIN_MODE=release
 - using code:	gin.SetMode(gin.ReleaseMode)

[GIN-debug] [WARNING] Creating an Engine instance with the Logger and Recovery middleware already attached.

[GIN-debug] [WARNING] Running in "debug" mode. Switch to "release" mode in production.
 - using env:	export GIN_MODE=release
 - using code:	gin.SetMode(gin.ReleaseMode)

[GIN-debug] POST   /register                 --> main.checkRegistration (4 handlers)
[GIN-debug] [WARNING] You trusted all proxies, this is NOT safe. We recommend you to set a value.
Please check https://pkg.go.dev/github.com/gin-gonic/gin#readme-don-t-trust-all-proxies for details.
[GIN-debug] Listening and serving HTTP on :8080
[GIN] 2022/04/10 - 15:13:07 | 400 |      32.124µs |             ::1 | POST     "/register"
[GIN-debug] [WARNING] Creating an Engine instance with the Logger and Recovery middleware already attached.

[GIN-debug] [WARNING] Running in "debug" mode. Switch to "release" mode in production.
 - using env:	export GIN_MODE=release
 - using code:	gin.SetMode(gin.ReleaseMode)

[GIN-debug] POST   /register                 --> main.checkRegistration (4 handlers)
[GIN-debug] [WARNING] You trusted all proxies, this is NOT safe. We recommend you to set a value.
Please check https://pkg.go.dev/github.com/gin-gonic/gin#readme-don-t-trust-all-proxies for details.
[GIN-debug] Listening and serving HTTP on :8080
[GIN-debug] [WARNING] Creating an Engine instance with the Logger and Recovery middleware already attached.

[GIN-debug] [WARNING] Running in "debug" mode. Switch to "release" mode in production.
 - using env:	export GIN_MODE=release
 - using code:	gin.SetMode(gin.ReleaseMode)

[GIN-debug] POST   /register                 --> main.checkRegistration (4 handlers)
[GIN-debug] [WARNING] You trusted all proxies, this is NOT safe. We recommend you to set a value.
Please check https://pkg.go.dev/github.com/gin-gonic/gin#readme-don-t-trust-all-proxies for details.
[GIN-debug] Listening and serving HTTP on :8080
[GIN-debug] [WARNING] Creating an Engine instance with the Logger and Recovery middleware already attached.

[GIN-debug] [WARNING] Running in "debug" mode. Switch to "release" mode in production.
 - using env:	export GIN_MODE=release
 - using code:	gin.SetMode(gin.ReleaseMode)

[GIN-debug] POST   /register                 --> main.checkRegistration (4 handlers)
[GIN-debug] [WARNING] You trusted all proxies, this is NOT safe. We recommend you to set a value.
Please check https://pkg.go.dev/github.com/gin-gonic/gin#readme-don-t-trust-all-proxies for details.
[GIN-debug] Listening and serving HTTP on :8080
[GIN] 2022/04/10 - 15:16:51 | 500 |    1.104739ms |             ::1 | POST     "/register"
[GIN-debug] [WARNING] Creating an Engine instance with the Logger and Recovery middleware already attached.

[GIN-debug] [WARNING] Running in "debug" mode. Switch to "release" mode in production.
 - using env:	export GIN_MODE=release
 - using code:	gin.SetMode(gin.ReleaseMode)

[GIN-debug] POST   /register                 --> main.checkRegistration (4 handlers)
[GIN-debug] [WARNING] You trusted all proxies, this is NOT safe. We recommend you to set a value.
Please check https://pkg.go.dev/github.com/gin-gonic/gin#readme-don-t-trust-all-proxies for details.
[GIN-debug] Listening and serving HTTP on :8080
[GIN] 2022/04/10 - 15:17:36 | 500 |    1.351619ms |             ::1 | POST     "/register"
[GIN-debug] [WARNING] Creating an Engine instance with the Logger and Recovery middleware already attached.

[GIN-debug] [WARNING] Running in "debug" mode. Switch to "release" mode in production.
 - using env:	export GIN_MODE=release
 - using code:	gin.SetMode(gin.ReleaseMode)

[GIN-debug] POST   /register                 --> main.checkRegistration (4 handlers)
[GIN-debug] [WARNING] You trusted all proxies, this is NOT safe. We recommend you to set a value.
Please check https://pkg.go.dev/github.com/gin-gonic/gin#readme-don-t-trust-all-proxies for details.
[GIN-debug] Listening and serving HTTP on :8080
[GIN] 2022/04/10 - 15:18:28 | 200 |    5.462178ms |             ::1 | POST     "/register"
[GIN] 2022/04/10 - 15:25:50 | 500 |     758.403µs |             ::1 | POST     "/register"
[GIN] 2022/04/10 - 15:27:37 | 200 |    1.115246ms |             ::1 | POST     "/register"
[GIN-debug] [WARNING] Creating an Engine instance with the Logger and Recovery middleware already attached.

[GIN-debug] [WARNING] Running in "debug" mode. Switch to "release" mode in production.
 - using env:	export GIN_MODE=release
 - using code:	gin.SetMode(gin.ReleaseMode)

[GIN-debug] POST   /register                 --> main.checkRegistration (4 handlers)
[GIN-debug] [WARNING] You trusted all proxies, this is NOT safe. We recommend you to set a value.
Please check https://pkg.go.dev/github.com/gin-gonic/gin#readme-don-t-trust-all-proxies for details.
[GIN-debug] Listening and serving HTTP on :8080
[GIN] 2022/04/10 - 15:28:13 | 500 |    2.200564ms |             ::1 | POST     "/register"
[GIN] 2022/04/10 - 15:28:30 | 200 |    1.383872ms |             ::1 | POST     "/register"
[GIN-debug] [WARNING] Creating an Engine instance with the Logger and Recovery middleware already attached.

[GIN-debug] [WARNING] Running in "debug" mode. Switch to "release" mode in production.
 - using env:	export GIN_MODE=release
 - using code:	gin.SetMode(gin.ReleaseMode)

[GIN-debug] POST   /register                 --> main.checkRegistration (4 handlers)
[GIN-debug] [WARNING] You trusted all proxies, this is NOT safe. We recommend you to set a value.
Please check https://pkg.go.dev/github.com/gin-gonic/gin#readme-don-t-trust-all-proxies for details.
[GIN-debug] Listening and serving HTTP on :8080
[GIN] 2022/04/10 - 15:30:26 | 200 |     2.87279ms |             ::1 | POST     "/register"
[GIN] 2022/04/10 - 15:35:29 | 200 |    2.345553ms |             ::1 | POST     "/register"
[GIN-debug] [WARNING] Creating an Engine instance with the Logger and Recovery middleware already attached.

[GIN-debug] [WARNING] Running in "debug" mode. Switch to "release" mode in production.
 - using env:	export GIN_MODE=release
 - using code:	gin.SetMode(gin.ReleaseMode)

[GIN-debug] POST   /register                 --> main.checkRegistration (4 handlers)
[GIN-debug] [WARNING] You trusted all proxies, this is NOT safe. We recommend you to set a value.
Please check https://pkg.go.dev/github.com/gin-gonic/gin#readme-don-t-trust-all-proxies for details.
[GIN-debug] Listening and serving HTTP on :8080
[GIN] 2022/04/10 - 15:36:32 | 500 |    4.601278ms |             ::1 | POST     "/register"
[GIN-debug] [WARNING] Creating an Engine instance with the Logger and Recovery middleware already attached.

[GIN-debug] [WARNING] Running in "debug" mode. Switch to "release" mode in production.
 - using env:	export GIN_MODE=release
 - using code:	gin.SetMode(gin.ReleaseMode)

[GIN-debug] POST   /register                 --> main.checkRegistration (4 handlers)
[GIN-debug] [WARNING] You trusted all proxies, this is NOT safe. We recommend you to set a value.
Please check https://pkg.go.dev/github.com/gin-gonic/gin#readme-don-t-trust-all-proxies for details.
[GIN-debug] Listening and serving HTTP on :8080
[GIN] 2022/04/10 - 15:39:42 | 200 |    2.726512ms |             ::1 | POST     "/register"
[GIN] 2022/04/10 - 15:40:16 | 200 |    1.061478ms |             ::1 | POST     "/register"
[GIN] 2022/04/10 - 15:42:36 | 500 |     681.194µs |             ::1 | POST     "/register"
[GIN] 2022/04/10 - 15:42:56 | 200 |    1.269498ms |             ::1 | POST     "/register"
[GIN] 2022/04/10 - 15:43:17 | 500 |     629.338µs |             ::1 | POST     "/register"
[GIN] 2022/04/10 - 15:43:22 | 200 |     2.12008ms |             ::1 | POST     "/register"
[GIN] 2022/04/10 - 15:43:36 | 200 |    1.180101ms |             ::1 | POST     "/register"
[GIN] 2022/04/10 - 15:44:30 | 200 |    1.230334ms |             ::1 | POST     "/register"
[GIN-debug] [WARNING] Creating an Engine instance with the Logger and Recovery middleware already attached.

[GIN-debug] [WARNING] Running in "debug" mode. Switch to "release" mode in production.
 - using env:	export GIN_MODE=release
 - using code:	gin.SetMode(gin.ReleaseMode)

[GIN-debug] POST   /register                 --> main.checkRegistration (4 handlers)
[GIN-debug] [WARNING] You trusted all proxies, this is NOT safe. We recommend you to set a value.
Please check https://pkg.go.dev/github.com/gin-gonic/gin#readme-don-t-trust-all-proxies for details.
[GIN-debug] Listening and serving HTTP on :8080
[GIN] 2022/04/10 - 15:45:51 | 500 |    1.925375ms |             ::1 | POST     "/register"
[GIN-debug] [WARNING] Creating an Engine instance with the Logger and Recovery middleware already attached.

[GIN-debug] [WARNING] Running in "debug" mode. Switch to "release" mode in production.
 - using env:	export GIN_MODE=release
 - using code:	gin.SetMode(gin.ReleaseMode)

[GIN-debug] POST   /register                 --> main.checkRegistration (4 handlers)
[GIN-debug] [WARNING] You trusted all proxies, this is NOT safe. We recommend you to set a value.
Please check https://pkg.go.dev/github.com/gin-gonic/gin#readme-don-t-trust-all-proxies for details.
[GIN-debug] Listening and serving HTTP on :8080
[GIN] 2022/04/10 - 15:51:53 | 500 |    1.104676ms |             ::1 | POST     "/register"
[GIN-debug] [WARNING] Creating an Engine instance with the Logger and Recovery middleware already attached.

[GIN-debug] [WARNING] Running in "debug" mode. Switch to "release" mode in production.
 - using env:	export GIN_MODE=release
 - using code:	gin.SetMode(gin.ReleaseMode)

[GIN-debug] POST   /register                 --> main.checkRegistration (4 handlers)
[GIN-debug] [WARNING] You trusted all proxies, this is NOT safe. We recommend you to set a value.
Please check https://pkg.go.dev/github.com/gin-gonic/gin#readme-don-t-trust-all-proxies for details.
[GIN-debug] Listening and serving HTTP on :8080
[GIN] 2022/04/10 - 16:01:55 | 500 |    5.394377ms |             ::1 | POST     "/register"
[GIN-debug] [WARNING] Creating an Engine instance with the Logger and Recovery middleware already attached.

[GIN-debug] [WARNING] Running in "debug" mode. Switch to "release" mode in production.
 - using env:	export GIN_MODE=release
 - using code:	gin.SetMode(gin.ReleaseMode)

[GIN-debug] POST   /register                 --> main.checkRegistration (4 handlers)
[GIN-debug] [WARNING] You trusted all proxies, this is NOT safe. We recommend you to set a value.
Please check https://pkg.go.dev/github.com/gin-gonic/gin#readme-don-t-trust-all-proxies for details.
[GIN-debug] Listening and serving HTTP on :8080
[GIN] 2022/04/10 - 16:05:16 | 400 |     214.794µs |             ::1 | POST     "/register"
[GIN] 2022/04/10 - 16:05:22 | 200 |    3.738275ms |             ::1 | POST     "/register"
[GIN] 2022/04/10 - 16:11:58 | 500 |    1.746211ms |             ::1 | POST     "/register"
[GIN-debug] [WARNING] Creating an Engine instance with the Logger and Recovery middleware already attached.

[GIN-debug] [WARNING] Running in "debug" mode. Switch to "release" mode in production.
 - using env:	export GIN_MODE=release
 - using code:	gin.SetMode(gin.ReleaseMode)

[GIN-debug] POST   /register                 --> main.checkRegistration (4 handlers)
[GIN-debug] [WARNING] You trusted all proxies, this is NOT safe. We recommend you to set a value.
Please check https://pkg.go.dev/github.com/gin-gonic/gin#readme-don-t-trust-all-proxies for details.
[GIN-debug] Listening and serving HTTP on :8080
[GIN] 2022/04/10 - 16:13:20 | 200 |    3.865019ms |             ::1 | POST     "/register"
[GIN-debug] [WARNING] Creating an Engine instance with the Logger and Recovery middleware already attached.

[GIN-debug] [WARNING] Running in "debug" mode. Switch to "release" mode in production.
 - using env:	export GIN_MODE=release
 - using code:	gin.SetMode(gin.ReleaseMode)

[GIN-debug] POST   /register                 --> main.checkRegistration (4 handlers)
[GIN-debug] POST   /login                    --> main.login (4 handlers)
[GIN-debug] [WARNING] You trusted all proxies, this is NOT safe. We recommend you to set a value.
Please check https://pkg.go.dev/github.com/gin-gonic/gin#readme-don-t-trust-all-proxies for details.
[GIN-debug] Listening and serving HTTP on :8080
[GIN] 2022/04/10 - 19:10:59 | 200 |    4.038258ms |             ::1 | POST     "/register"
[GIN] 2022/04/10 - 19:13:14 | 200 |    5.474524ms |             ::1 | POST     "/login"
[GIN-debug] [WARNING] Creating an Engine instance with the Logger and Recovery middleware already attached.

[GIN-debug] [WARNING] Running in "debug" mode. Switch to "release" mode in production.
 - using env:	export GIN_MODE=release
 - using code:	gin.SetMode(gin.ReleaseMode)

[GIN-debug] POST   /register                 --> main.checkRegistration (4 handlers)
[GIN-debug] POST   /login                    --> main.login (4 handlers)
[GIN-debug] POST   /updateUser               --> main.auth.func1 (4 handlers)
[GIN-debug] [WARNING] You trusted all proxies, this is NOT safe. We recommend you to set a value.
Please check https://pkg.go.dev/github.com/gin-gonic/gin#readme-don-t-trust-all-proxies for details.
[GIN-debug] Listening and serving HTTP on :8080
[GIN-debug] [WARNING] Creating an Engine instance with the Logger and Recovery middleware already attached.

[GIN-debug] [WARNING] Running in "debug" mode. Switch to "release" mode in production.
 - using env:	export GIN_MODE=release
 - using code:	gin.SetMode(gin.ReleaseMode)

[GIN-debug] POST   /register                 --> main.checkRegistration (4 handlers)
[GIN-debug] POST   /login                    --> main.login (4 handlers)
[GIN-debug] POST   /updateUser               --> main.auth.func1 (4 handlers)
[GIN-debug] [WARNING] You trusted all proxies, this is NOT safe. We recommend you to set a value.
Please check https://pkg.go.dev/github.com/gin-gonic/gin#readme-don-t-trust-all-proxies for details.
[GIN-debug] Listening and serving HTTP on :8080
[GIN-debug] [WARNING] Creating an Engine instance with the Logger and Recovery middleware already attached.

[GIN-debug] [WARNING] Running in "debug" mode. Switch to "release" mode in production.
 - using env:	export GIN_MODE=release
 - using code:	gin.SetMode(gin.ReleaseMode)

[GIN-debug] POST   /register                 --> main.checkRegistration (4 handlers)
[GIN-debug] POST   /login                    --> main.login (4 handlers)
[GIN-debug] PATCH  /updateUser               --> main.auth.func1 (4 handlers)
[GIN-debug] [WARNING] You trusted all proxies, this is NOT safe. We recommend you to set a value.
Please check https://pkg.go.dev/github.com/gin-gonic/gin#readme-don-t-trust-all-proxies for details.
[GIN-debug] Listening and serving HTTP on :8080
[GIN] 2022/04/10 - 19:35:57 | 400 |    2.283085ms |             ::1 | PATCH    "/updateUser"
[GIN] 2022/04/10 - 19:36:29 | 400 |     615.046µs |             ::1 | PATCH    "/updateUser"
[GIN-debug] [WARNING] Creating an Engine instance with the Logger and Recovery middleware already attached.

[GIN-debug] [WARNING] Running in "debug" mode. Switch to "release" mode in production.
 - using env:	export GIN_MODE=release
 - using code:	gin.SetMode(gin.ReleaseMode)

[GIN-debug] POST   /register                 --> main.checkRegistration (4 handlers)
[GIN-debug] POST   /login                    --> main.login (4 handlers)
[GIN-debug] PATCH  /updateUser               --> main.auth.func1 (4 handlers)
[GIN-debug] [WARNING] You trusted all proxies, this is NOT safe. We recommend you to set a value.
Please check https://pkg.go.dev/github.com/gin-gonic/gin#readme-don-t-trust-all-proxies for details.
[GIN-debug] Listening and serving HTTP on :8080
[GIN] 2022/04/10 - 19:36:38 | 200 |    4.305922ms |             ::1 | PATCH    "/updateUser"
[GIN-debug] [WARNING] Creating an Engine instance with the Logger and Recovery middleware already attached.

[GIN-debug] [WARNING] Running in "debug" mode. Switch to "release" mode in production.
 - using env:	export GIN_MODE=release
 - using code:	gin.SetMode(gin.ReleaseMode)

[GIN-debug] POST   /register                 --> main.checkRegistration (4 handlers)
[GIN-debug] POST   /login                    --> main.login (4 handlers)
[GIN-debug] PATCH  /updateUser               --> main.auth.func1 (4 handlers)
[GIN-debug] POST   /logout                   --> main.auth.func1 (4 handlers)
[GIN-debug] [WARNING] You trusted all proxies, this is NOT safe. We recommend you to set a value.
Please check https://pkg.go.dev/github.com/gin-gonic/gin#readme-don-t-trust-all-proxies for details.
[GIN-debug] Listening and serving HTTP on :8080
[GIN] 2022/04/10 - 19:42:52 | 200 |     460.646µs |             ::1 | POST     "/logout"
[GIN] 2022/04/10 - 19:42:56 | 401 |     203.831µs |             ::1 | POST     "/logout"
[GIN] 2022/04/10 - 19:42:58 | 401 |      65.318µs |             ::1 | POST     "/logout"
[GIN-debug] [WARNING] Creating an Engine instance with the Logger and Recovery middleware already attached.

[GIN-debug] [WARNING] Running in "debug" mode. Switch to "release" mode in production.
 - using env:	export GIN_MODE=release
 - using code:	gin.SetMode(gin.ReleaseMode)

[GIN-debug] POST   /register                 --> main.checkRegistration (4 handlers)
[GIN-debug] POST   /login                    --> main.login (4 handlers)
[GIN-debug] PATCH  /updateUser               --> main.auth.func1 (4 handlers)
[GIN-debug] POST   /logout                   --> main.auth.func1 (4 handlers)
[GIN-debug] [WARNING] You trusted all proxies, this is NOT safe. We recommend you to set a value.
Please check https://pkg.go.dev/github.com/gin-gonic/gin#readme-don-t-trust-all-proxies for details.
[GIN-debug] Listening and serving HTTP on :8080
[GIN] 2022/04/10 - 19:43:21 | 401 |     251.968µs |             ::1 | POST     "/logout"
[GIN] 2022/04/10 - 19:43:22 | 401 |   610.81838ms |             ::1 | POST     "/logout"
[GIN] 2022/04/10 - 19:43:23 | 401 |   418.78518ms |             ::1 | POST     "/logout"
[GIN] 2022/04/10 - 19:43:24 | 401 |  836.762041ms |             ::1 | POST     "/logout"
[GIN] 2022/04/10 - 19:43:25 | 401 |  868.905115ms |             ::1 | POST     "/logout"
[GIN] 2022/04/10 - 19:43:26 | 401 |   402.74745ms |             ::1 | POST     "/logout"
[GIN] 2022/04/10 - 19:43:27 | 401 |  456.661771ms |             ::1 | POST     "/logout"
[GIN] 2022/04/10 - 19:43:28 | 401 |  379.628776ms |             ::1 | POST     "/logout"
[GIN] 2022/04/10 - 19:43:29 | 401 |  564.875746ms |             ::1 | POST     "/logout"
[GIN-debug] [WARNING] Creating an Engine instance with the Logger and Recovery middleware already attached.

[GIN-debug] [WARNING] Running in "debug" mode. Switch to "release" mode in production.
 - using env:	export GIN_MODE=release
 - using code:	gin.SetMode(gin.ReleaseMode)

[GIN-debug] POST   /register                 --> main.checkRegistration (5 handlers)
[GIN-debug] POST   /login                    --> main.login (5 handlers)
[GIN-debug] PATCH  /updateUser               --> main.auth.func1 (5 handlers)
[GIN-debug] POST   /logout                   --> main.auth.func1 (5 handlers)
[GIN-debug] [WARNING] You trusted all proxies, this is NOT safe. We recommend you to set a value.
Please check https://pkg.go.dev/github.com/gin-gonic/gin#readme-don-t-trust-all-proxies for details.
[GIN-debug] Listening and serving HTTP on :8080
[GIN] 2022/04/10 - 19:45:49 | 401 |      86.668µs |             ::1 | POST     "/logout"
[GIN] 2022/04/10 - 19:45:50 | 401 |  308.631621ms |             ::1 | POST     "/logout"
[GIN-debug] [WARNING] Creating an Engine instance with the Logger and Recovery middleware already attached.

[GIN-debug] [WARNING] Running in "debug" mode. Switch to "release" mode in production.
 - using env:	export GIN_MODE=release
 - using code:	gin.SetMode(gin.ReleaseMode)

[GIN-debug] POST   /register                 --> main.checkRegistration (5 handlers)
[GIN-debug] POST   /login                    --> main.login (5 handlers)
[GIN-debug] PATCH  /updateUser               --> main.auth.func1 (5 handlers)
[GIN-debug] POST   /logout                   --> main.auth.func1 (5 handlers)
[GIN-debug] [WARNING] You trusted all proxies, this is NOT safe. We recommend you to set a value.
Please check https://pkg.go.dev/github.com/gin-gonic/gin#readme-don-t-trust-all-proxies for details.
[GIN-debug] Listening and serving HTTP on :8080
[GIN] 2022/04/10 - 19:46:11 | 401 |     136.922µs |             ::1 | POST     "/logout"
[GIN] 2022/04/10 - 19:46:12 | 401 |  176.499221ms |             ::1 | POST     "/logout"
[GIN-debug] [WARNING] Creating an Engine instance with the Logger and Recovery middleware already attached.

[GIN-debug] [WARNING] Running in "debug" mode. Switch to "release" mode in production.
 - using env:	export GIN_MODE=release
 - using code:	gin.SetMode(gin.ReleaseMode)

[GIN-debug] GET    /user/:username           --> github.com/fukaraca/worth2watch/api.Auth.func1 (5 handlers)
[GIN-debug] POST   /register                 --> github.com/fukaraca/worth2watch/api.CheckRegistration (5 handlers)
[GIN-debug] POST   /login                    --> github.com/fukaraca/worth2watch/api.Login (5 handlers)
[GIN-debug] PATCH  /updateUser               --> github.com/fukaraca/worth2watch/api.Auth.func1 (5 handlers)
[GIN-debug] POST   /logout                   --> github.com/fukaraca/worth2watch/api.Auth.func1 (5 handlers)
[GIN-debug] [WARNING] You trusted all proxies, this is NOT safe. We recommend you to set a value.
Please check https://pkg.go.dev/github.com/gin-gonic/gin#readme-don-t-trust-all-proxies for details.
[GIN-debug] Listening and serving HTTP on :8080
[GIN] 2022/04/10 - 22:44:42 | 200 |    4.295657ms |             ::1 | POST     "/register"
[GIN] 2022/04/10 - 22:45:14 | 500 |    1.872505ms |             ::1 | POST     "/register"
[GIN] 2022/04/10 - 22:45:19 | 200 |    3.922089ms |             ::1 | POST     "/register"
[GIN] 2022/04/10 - 22:45:51 | 200 |    2.182345ms |             ::1 | POST     "/register"
[GIN] 2022/04/10 - 22:46:10 | 200 |    7.530851ms |             ::1 | POST     "/login"
[GIN] 2022/04/10 - 22:49:13 | 500 |    2.325134ms |             ::1 | GET      "/user/wufiyu"
[GIN-debug] [WARNING] Creating an Engine instance with the Logger and Recovery middleware already attached.

[GIN-debug] [WARNING] Running in "debug" mode. Switch to "release" mode in production.
 - using env:	export GIN_MODE=release
 - using code:	gin.SetMode(gin.ReleaseMode)

[GIN-debug] GET    /user/:username           --> github.com/fukaraca/worth2watch/api.Auth.func1 (5 handlers)
[GIN-debug] POST   /register                 --> github.com/fukaraca/worth2watch/api.CheckRegistration (5 handlers)
[GIN-debug] POST   /login                    --> github.com/fukaraca/worth2watch/api.Login (5 handlers)
[GIN-debug] PATCH  /updateUser               --> github.com/fukaraca/worth2watch/api.Auth.func1 (5 handlers)
[GIN-debug] POST   /logout                   --> github.com/fukaraca/worth2watch/api.Auth.func1 (5 handlers)
[GIN-debug] [WARNING] You trusted all proxies, this is NOT safe. We recommend you to set a value.
Please check https://pkg.go.dev/github.com/gin-gonic/gin#readme-don-t-trust-all-proxies for details.
[GIN-debug] Listening and serving HTTP on :8080
[GIN] 2022/04/10 - 22:49:45 | 500 |    1.242258ms |             ::1 | GET      "/user/wufiyu"
[GIN-debug] [WARNING] Creating an Engine instance with the Logger and Recovery middleware already attached.

[GIN-debug] [WARNING] Running in "debug" mode. Switch to "release" mode in production.
 - using env:	export GIN_MODE=release
 - using code:	gin.SetMode(gin.ReleaseMode)

[GIN-debug] GET    /user/:username           --> github.com/fukaraca/worth2watch/api.Auth.func1 (5 handlers)
[GIN-debug] POST   /register                 --> github.com/fukaraca/worth2watch/api.CheckRegistration (5 handlers)
[GIN-debug] POST   /login                    --> github.com/fukaraca/worth2watch/api.Login (5 handlers)
[GIN-debug] PATCH  /updateUser               --> github.com/fukaraca/worth2watch/api.Auth.func1 (5 handlers)
[GIN-debug] POST   /logout                   --> github.com/fukaraca/worth2watch/api.Auth.func1 (5 handlers)
[GIN-debug] [WARNING] You trusted all proxies, this is NOT safe. We recommend you to set a value.
Please check https://pkg.go.dev/github.com/gin-gonic/gin#readme-don-t-trust-all-proxies for details.
[GIN-debug] Listening and serving HTTP on :8080
[GIN] 2022/04/10 - 22:53:15 | 500 |    1.519064ms |             ::1 | GET      "/user/wufiyu"
[GIN-debug] [WARNING] Creating an Engine instance with the Logger and Recovery middleware already attached.

[GIN-debug] [WARNING] Running in "debug" mode. Switch to "release" mode in production.
 - using env:	export GIN_MODE=release
 - using code:	gin.SetMode(gin.ReleaseMode)

[GIN-debug] GET    /user/:username           --> github.com/fukaraca/worth2watch/api.Auth.func1 (5 handlers)
[GIN-debug] POST   /register                 --> github.com/fukaraca/worth2watch/api.CheckRegistration (5 handlers)
[GIN-debug] POST   /login                    --> github.com/fukaraca/worth2watch/api.Login (5 handlers)
[GIN-debug] PATCH  /updateUser               --> github.com/fukaraca/worth2watch/api.Auth.func1 (5 handlers)
[GIN-debug] POST   /logout                   --> github.com/fukaraca/worth2watch/api.Auth.func1 (5 handlers)
[GIN-debug] [WARNING] You trusted all proxies, this is NOT safe. We recommend you to set a value.
Please check https://pkg.go.dev/github.com/gin-gonic/gin#readme-don-t-trust-all-proxies for details.
[GIN-debug] Listening and serving HTTP on :8080
[GIN] 2022/04/10 - 22:54:06 | 500 |    3.187751ms |             ::1 | GET      "/user/wufiyu"
[GIN-debug] [WARNING] Creating an Engine instance with the Logger and Recovery middleware already attached.

[GIN-debug] [WARNING] Running in "debug" mode. Switch to "release" mode in production.
 - using env:	export GIN_MODE=release
 - using code:	gin.SetMode(gin.ReleaseMode)

[GIN-debug] GET    /user/:username           --> github.com/fukaraca/worth2watch/api.Auth.func1 (5 handlers)
[GIN-debug] POST   /register                 --> github.com/fukaraca/worth2watch/api.CheckRegistration (5 handlers)
[GIN-debug] POST   /login                    --> github.com/fukaraca/worth2watch/api.Login (5 handlers)
[GIN-debug] PATCH  /updateUser               --> github.com/fukaraca/worth2watch/api.Auth.func1 (5 handlers)
[GIN-debug] POST   /logout                   --> github.com/fukaraca/worth2watch/api.Auth.func1 (5 handlers)
[GIN-debug] [WARNING] You trusted all proxies, this is NOT safe. We recommend you to set a value.
Please check https://pkg.go.dev/github.com/gin-gonic/gin#readme-don-t-trust-all-proxies for details.
[GIN-debug] Listening and serving HTTP on :8080
[GIN-debug] [WARNING] Creating an Engine instance with the Logger and Recovery middleware already attached.

[GIN-debug] [WARNING] Running in "debug" mode. Switch to "release" mode in production.
 - using env:	export GIN_MODE=release
 - using code:	gin.SetMode(gin.ReleaseMode)

[GIN-debug] GET    /user/:username           --> github.com/fukaraca/worth2watch/api.Auth.func1 (5 handlers)
[GIN-debug] POST   /register                 --> github.com/fukaraca/worth2watch/api.CheckRegistration (5 handlers)
[GIN-debug] POST   /login                    --> github.com/fukaraca/worth2watch/api.Login (5 handlers)
[GIN-debug] PATCH  /updateUser               --> github.com/fukaraca/worth2watch/api.Auth.func1 (5 handlers)
[GIN-debug] POST   /logout                   --> github.com/fukaraca/worth2watch/api.Auth.func1 (5 handlers)
[GIN-debug] [WARNING] You trusted all proxies, this is NOT safe. We recommend you to set a value.
Please check https://pkg.go.dev/github.com/gin-gonic/gin#readme-don-t-trust-all-proxies for details.
[GIN-debug] Listening and serving HTTP on :8080
[GIN] 2022/04/10 - 22:59:08 | 400 |    3.574942ms |             ::1 | GET      "/user/wufiyu"
[GIN-debug] [WARNING] Creating an Engine instance with the Logger and Recovery middleware already attached.

[GIN-debug] [WARNING] Running in "debug" mode. Switch to "release" mode in production.
 - using env:	export GIN_MODE=release
 - using code:	gin.SetMode(gin.ReleaseMode)

[GIN-debug] GET    /user/:username           --> github.com/fukaraca/worth2watch/api.Auth.func1 (5 handlers)
[GIN-debug] POST   /register                 --> github.com/fukaraca/worth2watch/api.CheckRegistration (5 handlers)
[GIN-debug] POST   /login                    --> github.com/fukaraca/worth2watch/api.Login (5 handlers)
[GIN-debug] PATCH  /updateUser               --> github.com/fukaraca/worth2watch/api.Auth.func1 (5 handlers)
[GIN-debug] POST   /logout                   --> github.com/fukaraca/worth2watch/api.Auth.func1 (5 handlers)
[GIN-debug] [WARNING] You trusted all proxies, this is NOT safe. We recommend you to set a value.
Please check https://pkg.go.dev/github.com/gin-gonic/gin#readme-don-t-trust-all-proxies for details.
[GIN-debug] Listening and serving HTTP on :8080
[GIN] 2022/04/10 - 23:00:16 | 400 |    5.501558ms |             ::1 | GET      "/user/wufiyu"
[GIN-debug] [WARNING] Creating an Engine instance with the Logger and Recovery middleware already attached.

[GIN-debug] [WARNING] Running in "debug" mode. Switch to "release" mode in production.
 - using env:	export GIN_MODE=release
 - using code:	gin.SetMode(gin.ReleaseMode)

[GIN-debug] GET    /user/:username           --> github.com/fukaraca/worth2watch/api.Auth.func1 (5 handlers)
[GIN-debug] POST   /register                 --> github.com/fukaraca/worth2watch/api.CheckRegistration (5 handlers)
[GIN-debug] POST   /login                    --> github.com/fukaraca/worth2watch/api.Login (5 handlers)
[GIN-debug] PATCH  /updateUser               --> github.com/fukaraca/worth2watch/api.Auth.func1 (5 handlers)
[GIN-debug] POST   /logout                   --> github.com/fukaraca/worth2watch/api.Auth.func1 (5 handlers)
[GIN-debug] [WARNING] You trusted all proxies, this is NOT safe. We recommend you to set a value.
Please check https://pkg.go.dev/github.com/gin-gonic/gin#readme-don-t-trust-all-proxies for details.
[GIN-debug] Listening and serving HTTP on :8080
[GIN-debug] [WARNING] Creating an Engine instance with the Logger and Recovery middleware already attached.

[GIN-debug] [WARNING] Running in "debug" mode. Switch to "release" mode in production.
 - using env:	export GIN_MODE=release
 - using code:	gin.SetMode(gin.ReleaseMode)

[GIN-debug] GET    /user/:username           --> github.com/fukaraca/worth2watch/api.Auth.func1 (5 handlers)
[GIN-debug] POST   /register                 --> github.com/fukaraca/worth2watch/api.CheckRegistration (5 handlers)
[GIN-debug] POST   /login                    --> github.com/fukaraca/worth2watch/api.Login (5 handlers)
[GIN-debug] PATCH  /updateUser               --> github.com/fukaraca/worth2watch/api.Auth.func1 (5 handlers)
[GIN-debug] POST   /logout                   --> github.com/fukaraca/worth2watch/api.Auth.func1 (5 handlers)
[GIN-debug] [WARNING] You trusted all proxies, this is NOT safe. We recommend you to set a value.
Please check https://pkg.go.dev/github.com/gin-gonic/gin#readme-don-t-trust-all-proxies for details.
[GIN-debug] Listening and serving HTTP on :8080
[GIN] 2022/04/10 - 23:00:55 | 500 |    2.128845ms |             ::1 | GET      "/user/wufiyu"
[GIN-debug] [WARNING] Creating an Engine instance with the Logger and Recovery middleware already attached.

[GIN-debug] [WARNING] Running in "debug" mode. Switch to "release" mode in production.
 - using env:	export GIN_MODE=release
 - using code:	gin.SetMode(gin.ReleaseMode)

[GIN-debug] GET    /user/:username           --> github.com/fukaraca/worth2watch/api.Auth.func1 (5 handlers)
[GIN-debug] POST   /register                 --> github.com/fukaraca/worth2watch/api.CheckRegistration (5 handlers)
[GIN-debug] POST   /login                    --> github.com/fukaraca/worth2watch/api.Login (5 handlers)
[GIN-debug] PATCH  /updateUser               --> github.com/fukaraca/worth2watch/api.Auth.func1 (5 handlers)
[GIN-debug] POST   /logout                   --> github.com/fukaraca/worth2watch/api.Auth.func1 (5 handlers)
[GIN-debug] [WARNING] You trusted all proxies, this is NOT safe. We recommend you to set a value.
Please check https://pkg.go.dev/github.com/gin-gonic/gin#readme-don-t-trust-all-proxies for details.
[GIN-debug] Listening and serving HTTP on :8080
[GIN] 2022/04/10 - 23:01:20 | 400 |     6.46535ms |             ::1 | GET      "/user/wufiyu"
[GIN-debug] [WARNING] Creating an Engine instance with the Logger and Recovery middleware already attached.

[GIN-debug] [WARNING] Running in "debug" mode. Switch to "release" mode in production.
 - using env:	export GIN_MODE=release
 - using code:	gin.SetMode(gin.ReleaseMode)

[GIN-debug] GET    /user/:username           --> github.com/fukaraca/worth2watch/api.Auth.func1 (5 handlers)
[GIN-debug] POST   /register                 --> github.com/fukaraca/worth2watch/api.CheckRegistration (5 handlers)
[GIN-debug] POST   /login                    --> github.com/fukaraca/worth2watch/api.Login (5 handlers)
[GIN-debug] PATCH  /updateUser               --> github.com/fukaraca/worth2watch/api.Auth.func1 (5 handlers)
[GIN-debug] POST   /logout                   --> github.com/fukaraca/worth2watch/api.Auth.func1 (5 handlers)
[GIN-debug] [WARNING] You trusted all proxies, this is NOT safe. We recommend you to set a value.
Please check https://pkg.go.dev/github.com/gin-gonic/gin#readme-don-t-trust-all-proxies for details.
[GIN-debug] Listening and serving HTTP on :8080
[GIN] 2022/04/10 - 23:03:03 | 400 |    3.204245ms |             ::1 | GET      "/user/wufiyu"
[GIN-debug] [WARNING] Creating an Engine instance with the Logger and Recovery middleware already attached.

[GIN-debug] [WARNING] Running in "debug" mode. Switch to "release" mode in production.
 - using env:	export GIN_MODE=release
 - using code:	gin.SetMode(gin.ReleaseMode)

[GIN-debug] GET    /user/:username           --> github.com/fukaraca/worth2watch/api.Auth.func1 (5 handlers)
[GIN-debug] POST   /register                 --> github.com/fukaraca/worth2watch/api.CheckRegistration (5 handlers)
[GIN-debug] POST   /login                    --> github.com/fukaraca/worth2watch/api.Login (5 handlers)
[GIN-debug] PATCH  /updateUser               --> github.com/fukaraca/worth2watch/api.Auth.func1 (5 handlers)
[GIN-debug] POST   /logout                   --> github.com/fukaraca/worth2watch/api.Auth.func1 (5 handlers)
[GIN-debug] [WARNING] You trusted all proxies, this is NOT safe. We recommend you to set a value.
Please check https://pkg.go.dev/github.com/gin-gonic/gin#readme-don-t-trust-all-proxies for details.
[GIN-debug] Listening and serving HTTP on :8080
[GIN] 2022/04/10 - 23:59:27 | 200 |    6.793626ms |             ::1 | POST     "/login"
[GIN] 2022/04/10 - 23:59:32 | 400 |    1.410407ms |             ::1 | GET      "/user/wufiyu"
[GIN-debug] [WARNING] Creating an Engine instance with the Logger and Recovery middleware already attached.

[GIN-debug] [WARNING] Running in "debug" mode. Switch to "release" mode in production.
 - using env:	export GIN_MODE=release
 - using code:	gin.SetMode(gin.ReleaseMode)

[GIN-debug] GET    /user/:username           --> github.com/fukaraca/worth2watch/api.Auth.func1 (5 handlers)
[GIN-debug] POST   /register                 --> github.com/fukaraca/worth2watch/api.CheckRegistration (5 handlers)
[GIN-debug] POST   /login                    --> github.com/fukaraca/worth2watch/api.Login (5 handlers)
[GIN-debug] PATCH  /updateUser               --> github.com/fukaraca/worth2watch/api.Auth.func1 (5 handlers)
[GIN-debug] POST   /logout                   --> github.com/fukaraca/worth2watch/api.Auth.func1 (5 handlers)
[GIN-debug] [WARNING] You trusted all proxies, this is NOT safe. We recommend you to set a value.
Please check https://pkg.go.dev/github.com/gin-gonic/gin#readme-don-t-trust-all-proxies for details.
[GIN-debug] Listening and serving HTTP on :8080
[GIN] 2022/04/11 - 00:00:16 | 400 |    3.425576ms |             ::1 | GET      "/user/wufiyu"
[GIN-debug] [WARNING] Creating an Engine instance with the Logger and Recovery middleware already attached.

[GIN-debug] [WARNING] Running in "debug" mode. Switch to "release" mode in production.
 - using env:	export GIN_MODE=release
 - using code:	gin.SetMode(gin.ReleaseMode)

[GIN-debug] GET    /user/:username           --> github.com/fukaraca/worth2watch/api.Auth.func1 (5 handlers)
[GIN-debug] POST   /register                 --> github.com/fukaraca/worth2watch/api.CheckRegistration (5 handlers)
[GIN-debug] POST   /login                    --> github.com/fukaraca/worth2watch/api.Login (5 handlers)
[GIN-debug] PATCH  /updateUser               --> github.com/fukaraca/worth2watch/api.Auth.func1 (5 handlers)
[GIN-debug] POST   /logout                   --> github.com/fukaraca/worth2watch/api.Auth.func1 (5 handlers)
[GIN-debug] [WARNING] You trusted all proxies, this is NOT safe. We recommend you to set a value.
Please check https://pkg.go.dev/github.com/gin-gonic/gin#readme-don-t-trust-all-proxies for details.
[GIN-debug] Listening and serving HTTP on :8080
[GIN] 2022/04/11 - 00:01:10 | 400 |    3.492504ms |             ::1 | GET      "/user/wufiyu"
[GIN-debug] [WARNING] Creating an Engine instance with the Logger and Recovery middleware already attached.

[GIN-debug] [WARNING] Running in "debug" mode. Switch to "release" mode in production.
 - using env:	export GIN_MODE=release
 - using code:	gin.SetMode(gin.ReleaseMode)

[GIN-debug] GET    /user/:username           --> github.com/fukaraca/worth2watch/api.Auth.func1 (5 handlers)
[GIN-debug] POST   /register                 --> github.com/fukaraca/worth2watch/api.CheckRegistration (5 handlers)
[GIN-debug] POST   /login                    --> github.com/fukaraca/worth2watch/api.Login (5 handlers)
[GIN-debug] PATCH  /updateUser               --> github.com/fukaraca/worth2watch/api.Auth.func1 (5 handlers)
[GIN-debug] POST   /logout                   --> github.com/fukaraca/worth2watch/api.Auth.func1 (5 handlers)
[GIN-debug] [WARNING] You trusted all proxies, this is NOT safe. We recommend you to set a value.
Please check https://pkg.go.dev/github.com/gin-gonic/gin#readme-don-t-trust-all-proxies for details.
[GIN-debug] Listening and serving HTTP on :8080
[GIN] 2022/04/11 - 00:01:45 | 200 |    5.216704ms |             ::1 | GET      "/user/wufiyu"
[GIN-debug] [WARNING] Creating an Engine instance with the Logger and Recovery middleware already attached.

[GIN-debug] [WARNING] Running in "debug" mode. Switch to "release" mode in production.
 - using env:	export GIN_MODE=release
 - using code:	gin.SetMode(gin.ReleaseMode)

[GIN-debug] GET    /user/:username           --> github.com/fukaraca/worth2watch/api.Auth.func1 (5 handlers)
[GIN-debug] POST   /register                 --> github.com/fukaraca/worth2watch/api.CheckRegistration (5 handlers)
[GIN-debug] POST   /login                    --> github.com/fukaraca/worth2watch/api.Login (5 handlers)
[GIN-debug] PATCH  /updateUser               --> github.com/fukaraca/worth2watch/api.Auth.func1 (5 handlers)
[GIN-debug] POST   /logout                   --> github.com/fukaraca/worth2watch/api.Auth.func1 (5 handlers)
[GIN-debug] [WARNING] You trusted all proxies, this is NOT safe. We recommend you to set a value.
Please check https://pkg.go.dev/github.com/gin-gonic/gin#readme-don-t-trust-all-proxies for details.
[GIN-debug] Listening and serving HTTP on :8080
[GIN] 2022/04/11 - 00:02:31 | 200 |    3.242432ms |             ::1 | GET      "/user/wufiyu"
[GIN] 2022/04/11 - 00:03:13 | 200 |     748.329µs |             ::1 | GET      "/user/wufiyu"
[GIN] 2022/04/11 - 00:03:38 | 400 |     773.152µs |             ::1 | GET      "/user/wufiyu"
[GIN-debug] [WARNING] Creating an Engine instance with the Logger and Recovery middleware already attached.

[GIN-debug] [WARNING] Running in "debug" mode. Switch to "release" mode in production.
 - using env:	export GIN_MODE=release
 - using code:	gin.SetMode(gin.ReleaseMode)

[GIN-debug] GET    /user/:username           --> github.com/fukaraca/worth2watch/api.Auth.func1 (5 handlers)
[GIN-debug] POST   /register                 --> github.com/fukaraca/worth2watch/api.CheckRegistration (5 handlers)
[GIN-debug] POST   /login                    --> github.com/fukaraca/worth2watch/api.Login (5 handlers)
[GIN-debug] PATCH  /updateUser               --> github.com/fukaraca/worth2watch/api.Auth.func1 (5 handlers)
[GIN-debug] POST   /logout                   --> github.com/fukaraca/worth2watch/api.Auth.func1 (5 handlers)
[GIN-debug] [WARNING] You trusted all proxies, this is NOT safe. We recommend you to set a value.
Please check https://pkg.go.dev/github.com/gin-gonic/gin#readme-don-t-trust-all-proxies for details.
[GIN-debug] Listening and serving HTTP on :8080
[GIN] 2022/04/11 - 00:13:09 | 500 |    4.068064ms |             ::1 | GET      "/user/wufiyu"
[GIN-debug] [WARNING] Creating an Engine instance with the Logger and Recovery middleware already attached.

[GIN-debug] [WARNING] Running in "debug" mode. Switch to "release" mode in production.
 - using env:	export GIN_MODE=release
 - using code:	gin.SetMode(gin.ReleaseMode)

[GIN-debug] GET    /user/:username           --> github.com/fukaraca/worth2watch/api.Auth.func1 (5 handlers)
[GIN-debug] POST   /register                 --> github.com/fukaraca/worth2watch/api.CheckRegistration (5 handlers)
[GIN-debug] POST   /login                    --> github.com/fukaraca/worth2watch/api.Login (5 handlers)
[GIN-debug] PATCH  /updateUser               --> github.com/fukaraca/worth2watch/api.Auth.func1 (5 handlers)
[GIN-debug] POST   /logout                   --> github.com/fukaraca/worth2watch/api.Auth.func1 (5 handlers)
[GIN-debug] [WARNING] You trusted all proxies, this is NOT safe. We recommend you to set a value.
Please check https://pkg.go.dev/github.com/gin-gonic/gin#readme-don-t-trust-all-proxies for details.
[GIN-debug] Listening and serving HTTP on :8080
[GIN] 2022/04/11 - 00:14:23 | 500 |    4.487997ms |             ::1 | GET      "/user/wufiyu"
[GIN-debug] [WARNING] Creating an Engine instance with the Logger and Recovery middleware already attached.

[GIN-debug] [WARNING] Running in "debug" mode. Switch to "release" mode in production.
 - using env:	export GIN_MODE=release
 - using code:	gin.SetMode(gin.ReleaseMode)

[GIN-debug] GET    /user/:username           --> github.com/fukaraca/worth2watch/api.Auth.func1 (5 handlers)
[GIN-debug] POST   /register                 --> github.com/fukaraca/worth2watch/api.CheckRegistration (5 handlers)
[GIN-debug] POST   /login                    --> github.com/fukaraca/worth2watch/api.Login (5 handlers)
[GIN-debug] PATCH  /updateUser               --> github.com/fukaraca/worth2watch/api.Auth.func1 (5 handlers)
[GIN-debug] POST   /logout                   --> github.com/fukaraca/worth2watch/api.Auth.func1 (5 handlers)
[GIN-debug] [WARNING] You trusted all proxies, this is NOT safe. We recommend you to set a value.
Please check https://pkg.go.dev/github.com/gin-gonic/gin#readme-don-t-trust-all-proxies for details.
[GIN-debug] Listening and serving HTTP on :8080
[GIN] 2022/04/11 - 00:22:20 | 500 |    4.236286ms |             ::1 | GET      "/user/wufiyu"
[GIN] 2022/04/11 - 00:30:22 | 500 |    2.826789ms |             ::1 | GET      "/user/wufiyu"
[GIN-debug] [WARNING] Creating an Engine instance with the Logger and Recovery middleware already attached.

[GIN-debug] [WARNING] Running in "debug" mode. Switch to "release" mode in production.
 - using env:	export GIN_MODE=release
 - using code:	gin.SetMode(gin.ReleaseMode)

[GIN-debug] GET    /user/:username           --> github.com/fukaraca/worth2watch/api.Auth.func1 (5 handlers)
[GIN-debug] POST   /register                 --> github.com/fukaraca/worth2watch/api.CheckRegistration (5 handlers)
[GIN-debug] POST   /login                    --> github.com/fukaraca/worth2watch/api.Login (5 handlers)
[GIN-debug] PATCH  /updateUser               --> github.com/fukaraca/worth2watch/api.Auth.func1 (5 handlers)
[GIN-debug] POST   /logout                   --> github.com/fukaraca/worth2watch/api.Auth.func1 (5 handlers)
[GIN-debug] [WARNING] You trusted all proxies, this is NOT safe. We recommend you to set a value.
Please check https://pkg.go.dev/github.com/gin-gonic/gin#readme-don-t-trust-all-proxies for details.
[GIN-debug] Listening and serving HTTP on :8080
[GIN] 2022/04/11 - 00:30:40 | 500 |    4.371234ms |             ::1 | GET      "/user/wufiyu"
[GIN-debug] [WARNING] Creating an Engine instance with the Logger and Recovery middleware already attached.

[GIN-debug] [WARNING] Running in "debug" mode. Switch to "release" mode in production.
 - using env:	export GIN_MODE=release
 - using code:	gin.SetMode(gin.ReleaseMode)

[GIN-debug] GET    /user/:username           --> github.com/fukaraca/worth2watch/api.Auth.func1 (5 handlers)
[GIN-debug] POST   /register                 --> github.com/fukaraca/worth2watch/api.CheckRegistration (5 handlers)
[GIN-debug] POST   /login                    --> github.com/fukaraca/worth2watch/api.Login (5 handlers)
[GIN-debug] PATCH  /updateUser               --> github.com/fukaraca/worth2watch/api.Auth.func1 (5 handlers)
[GIN-debug] POST   /logout                   --> github.com/fukaraca/worth2watch/api.Auth.func1 (5 handlers)
[GIN-debug] [WARNING] You trusted all proxies, this is NOT safe. We recommend you to set a value.
Please check https://pkg.go.dev/github.com/gin-gonic/gin#readme-don-t-trust-all-proxies for details.
[GIN-debug] Listening and serving HTTP on :8080
[GIN] 2022/04/11 - 00:44:57 | 500 |    8.210724ms |             ::1 | GET      "/user/wufiyu"
[GIN-debug] [WARNING] Creating an Engine instance with the Logger and Recovery middleware already attached.

[GIN-debug] [WARNING] Running in "debug" mode. Switch to "release" mode in production.
 - using env:	export GIN_MODE=release
 - using code:	gin.SetMode(gin.ReleaseMode)

[GIN-debug] GET    /user/:username           --> github.com/fukaraca/worth2watch/api.Auth.func1 (5 handlers)
[GIN-debug] POST   /register                 --> github.com/fukaraca/worth2watch/api.CheckRegistration (5 handlers)
[GIN-debug] POST   /login                    --> github.com/fukaraca/worth2watch/api.Login (5 handlers)
[GIN-debug] PATCH  /updateUser               --> github.com/fukaraca/worth2watch/api.Auth.func1 (5 handlers)
[GIN-debug] POST   /logout                   --> github.com/fukaraca/worth2watch/api.Auth.func1 (5 handlers)
[GIN-debug] [WARNING] You trusted all proxies, this is NOT safe. We recommend you to set a value.
Please check https://pkg.go.dev/github.com/gin-gonic/gin#readme-don-t-trust-all-proxies for details.
[GIN-debug] Listening and serving HTTP on :8080
[GIN] 2022/04/11 - 00:48:27 | 500 |    8.057883ms |             ::1 | GET      "/user/wufiyu"
[GIN] 2022/04/11 - 00:49:14 | 500 |    2.062384ms |             ::1 | GET      "/user/wufiyu"
[GIN-debug] [WARNING] Creating an Engine instance with the Logger and Recovery middleware already attached.

[GIN-debug] [WARNING] Running in "debug" mode. Switch to "release" mode in production.
 - using env:	export GIN_MODE=release
 - using code:	gin.SetMode(gin.ReleaseMode)

[GIN-debug] GET    /user/:username           --> github.com/fukaraca/worth2watch/api.Auth.func1 (5 handlers)
[GIN-debug] POST   /register                 --> github.com/fukaraca/worth2watch/api.CheckRegistration (5 handlers)
[GIN-debug] POST   /login                    --> github.com/fukaraca/worth2watch/api.Login (5 handlers)
[GIN-debug] PATCH  /updateUser               --> github.com/fukaraca/worth2watch/api.Auth.func1 (5 handlers)
[GIN-debug] POST   /logout                   --> github.com/fukaraca/worth2watch/api.Auth.func1 (5 handlers)
[GIN-debug] [WARNING] You trusted all proxies, this is NOT safe. We recommend you to set a value.
Please check https://pkg.go.dev/github.com/gin-gonic/gin#readme-don-t-trust-all-proxies for details.
[GIN-debug] Listening and serving HTTP on :8080
[GIN] 2022/04/11 - 00:49:46 | 500 |    4.388055ms |             ::1 | GET      "/user/wufiyu"
[GIN-debug] [WARNING] Creating an Engine instance with the Logger and Recovery middleware already attached.

[GIN-debug] [WARNING] Running in "debug" mode. Switch to "release" mode in production.
 - using env:	export GIN_MODE=release
 - using code:	gin.SetMode(gin.ReleaseMode)

[GIN-debug] GET    /user/:username           --> github.com/fukaraca/worth2watch/api.Auth.func1 (5 handlers)
[GIN-debug] POST   /register                 --> github.com/fukaraca/worth2watch/api.CheckRegistration (5 handlers)
[GIN-debug] POST   /login                    --> github.com/fukaraca/worth2watch/api.Login (5 handlers)
[GIN-debug] PATCH  /updateUser               --> github.com/fukaraca/worth2watch/api.Auth.func1 (5 handlers)
[GIN-debug] POST   /logout                   --> github.com/fukaraca/worth2watch/api.Auth.func1 (5 handlers)
[GIN-debug] [WARNING] You trusted all proxies, this is NOT safe. We recommend you to set a value.
Please check https://pkg.go.dev/github.com/gin-gonic/gin#readme-don-t-trust-all-proxies for details.
[GIN-debug] Listening and serving HTTP on :8080
[GIN] 2022/04/11 - 00:56:12 | 500 |    5.170095ms |             ::1 | GET      "/user/wufiyu"
[GIN-debug] [WARNING] Creating an Engine instance with the Logger and Recovery middleware already attached.

[GIN-debug] [WARNING] Running in "debug" mode. Switch to "release" mode in production.
 - using env:	export GIN_MODE=release
 - using code:	gin.SetMode(gin.ReleaseMode)

[GIN-debug] GET    /user/:username           --> github.com/fukaraca/worth2watch/api.Auth.func1 (5 handlers)
[GIN-debug] POST   /register                 --> github.com/fukaraca/worth2watch/api.CheckRegistration (5 handlers)
[GIN-debug] POST   /login                    --> github.com/fukaraca/worth2watch/api.Login (5 handlers)
[GIN-debug] PATCH  /updateUser               --> github.com/fukaraca/worth2watch/api.Auth.func1 (5 handlers)
[GIN-debug] POST   /logout                   --> github.com/fukaraca/worth2watch/api.Auth.func1 (5 handlers)
[GIN-debug] [WARNING] You trusted all proxies, this is NOT safe. We recommend you to set a value.
Please check https://pkg.go.dev/github.com/gin-gonic/gin#readme-don-t-trust-all-proxies for details.
[GIN-debug] Listening and serving HTTP on :8080
[GIN] 2022/04/11 - 00:56:47 | 500 |    5.314428ms |             ::1 | GET      "/user/wufiyu"
[GIN-debug] [WARNING] Creating an Engine instance with the Logger and Recovery middleware already attached.

[GIN-debug] [WARNING] Running in "debug" mode. Switch to "release" mode in production.
 - using env:	export GIN_MODE=release
 - using code:	gin.SetMode(gin.ReleaseMode)

[GIN-debug] GET    /user/:username           --> github.com/fukaraca/worth2watch/api.Auth.func1 (5 handlers)
[GIN-debug] POST   /register                 --> github.com/fukaraca/worth2watch/api.CheckRegistration (5 handlers)
[GIN-debug] POST   /login                    --> github.com/fukaraca/worth2watch/api.Login (5 handlers)
[GIN-debug] PATCH  /updateUser               --> github.com/fukaraca/worth2watch/api.Auth.func1 (5 handlers)
[GIN-debug] POST   /logout                   --> github.com/fukaraca/worth2watch/api.Auth.func1 (5 handlers)
[GIN-debug] [WARNING] You trusted all proxies, this is NOT safe. We recommend you to set a value.
Please check https://pkg.go.dev/github.com/gin-gonic/gin#readme-don-t-trust-all-proxies for details.
[GIN-debug] Listening and serving HTTP on :8080
[GIN] 2022/04/11 - 00:58:33 | 400 |     323.041µs |             ::1 | POST     "/register"
[GIN] 2022/04/11 - 00:59:00 | 200 |    4.114577ms |             ::1 | POST     "/register"
[GIN] 2022/04/11 - 00:59:18 | 200 |    7.161358ms |             ::1 | POST     "/login"
[GIN] 2022/04/11 - 00:59:45 | 500 |    4.695579ms |             ::1 | GET      "/user/wufiyu"
[GIN-debug] [WARNING] Creating an Engine instance with the Logger and Recovery middleware already attached.

[GIN-debug] [WARNING] Running in "debug" mode. Switch to "release" mode in production.
 - using env:	export GIN_MODE=release
 - using code:	gin.SetMode(gin.ReleaseMode)

[GIN-debug] GET    /user/:username           --> github.com/fukaraca/worth2watch/api.Auth.func1 (5 handlers)
[GIN-debug] POST   /register                 --> github.com/fukaraca/worth2watch/api.CheckRegistration (5 handlers)
[GIN-debug] POST   /login                    --> github.com/fukaraca/worth2watch/api.Login (5 handlers)
[GIN-debug] PATCH  /updateUser               --> github.com/fukaraca/worth2watch/api.Auth.func1 (5 handlers)
[GIN-debug] POST   /logout                   --> github.com/fukaraca/worth2watch/api.Auth.func1 (5 handlers)
[GIN-debug] [WARNING] You trusted all proxies, this is NOT safe. We recommend you to set a value.
Please check https://pkg.go.dev/github.com/gin-gonic/gin#readme-don-t-trust-all-proxies for details.
[GIN-debug] Listening and serving HTTP on :8080
[GIN] 2022/04/11 - 01:01:14 | 200 |    3.242501ms |             ::1 | GET      "/user/wufiyu"
[GIN] 2022/04/11 - 01:01:55 | 400 |     747.032µs |             ::1 | GET      "/user/wufiyu"
[GIN-debug] [WARNING] Creating an Engine instance with the Logger and Recovery middleware already attached.

[GIN-debug] [WARNING] Running in "debug" mode. Switch to "release" mode in production.
 - using env:	export GIN_MODE=release
 - using code:	gin.SetMode(gin.ReleaseMode)

[GIN-debug] GET    /user/:username           --> github.com/fukaraca/worth2watch/api.Auth.func1 (5 handlers)
[GIN-debug] POST   /register                 --> github.com/fukaraca/worth2watch/api.CheckRegistration (5 handlers)
[GIN-debug] POST   /login                    --> github.com/fukaraca/worth2watch/api.Login (5 handlers)
[GIN-debug] PATCH  /updateUser               --> github.com/fukaraca/worth2watch/api.Auth.func1 (5 handlers)
[GIN-debug] POST   /logout                   --> github.com/fukaraca/worth2watch/api.Auth.func1 (5 handlers)
[GIN-debug] [WARNING] You trusted all proxies, this is NOT safe. We recommend you to set a value.
Please check https://pkg.go.dev/github.com/gin-gonic/gin#readme-don-t-trust-all-proxies for details.
[GIN-debug] Listening and serving HTTP on :8080
[GIN] 2022/04/11 - 01:02:31 | 200 |    3.416481ms |             ::1 | GET      "/user/wufiyu"
[GIN-debug] [WARNING] Creating an Engine instance with the Logger and Recovery middleware already attached.

[GIN-debug] [WARNING] Running in "debug" mode. Switch to "release" mode in production.
 - using env:	export GIN_MODE=release
 - using code:	gin.SetMode(gin.ReleaseMode)

[GIN-debug] GET    /user/:username           --> github.com/fukaraca/worth2watch/api.Auth.func1 (5 handlers)
[GIN-debug] POST   /register                 --> github.com/fukaraca/worth2watch/api.CheckRegistration (5 handlers)
[GIN-debug] POST   /login                    --> github.com/fukaraca/worth2watch/api.Login (5 handlers)
[GIN-debug] PATCH  /updateUser               --> github.com/fukaraca/worth2watch/api.Auth.func1 (5 handlers)
[GIN-debug] POST   /logout                   --> github.com/fukaraca/worth2watch/api.Auth.func1 (5 handlers)
[GIN-debug] [WARNING] You trusted all proxies, this is NOT safe. We recommend you to set a value.
Please check https://pkg.go.dev/github.com/gin-gonic/gin#readme-don-t-trust-all-proxies for details.
[GIN-debug] Listening and serving HTTP on :8080
[GIN] 2022/04/11 - 01:04:58 | 400 |     303.359µs |             ::1 | POST     "/register"
[GIN] 2022/04/11 - 01:05:12 | 200 |     645.593µs |             ::1 | POST     "/logout"
[GIN] 2022/04/11 - 01:05:18 | 200 |    4.377386ms |             ::1 | POST     "/register"
[GIN-debug] [WARNING] Creating an Engine instance with the Logger and Recovery middleware already attached.

[GIN-debug] [WARNING] Running in "debug" mode. Switch to "release" mode in production.
 - using env:	export GIN_MODE=release
 - using code:	gin.SetMode(gin.ReleaseMode)

[GIN-debug] POST   /addMovie                 --> github.com/fukaraca/worth2watch/api.AddMovie (5 handlers)
[GIN-debug] GET    /movies                   --> github.com/fukaraca/worth2watch/api.Movies (5 handlers)
[GIN-debug] GET    /series                   --> github.com/fukaraca/worth2watch/api.Series (5 handlers)
[GIN-debug] GET    /seasons                  --> github.com/fukaraca/worth2watch/api.Seasons (5 handlers)
[GIN-debug] GET    /episodes                 --> github.com/fukaraca/worth2watch/api.Episodes (5 handlers)
[GIN-debug] GET    /user/:username           --> github.com/fukaraca/worth2watch/api.Auth.func1 (5 handlers)
[GIN-debug] POST   /register                 --> github.com/fukaraca/worth2watch/api.CheckRegistration (5 handlers)
[GIN-debug] POST   /login                    --> github.com/fukaraca/worth2watch/api.Login (5 handlers)
[GIN-debug] PATCH  /updateUser               --> github.com/fukaraca/worth2watch/api.Auth.func1 (5 handlers)
[GIN-debug] POST   /logout                   --> github.com/fukaraca/worth2watch/api.Auth.func1 (5 handlers)
[GIN-debug] [WARNING] You trusted all proxies, this is NOT safe. We recommend you to set a value.
Please check https://pkg.go.dev/github.com/gin-gonic/gin#readme-don-t-trust-all-proxies for details.
[GIN-debug] Listening and serving HTTP on :8080
[GIN-debug] [WARNING] Creating an Engine instance with the Logger and Recovery middleware already attached.

[GIN-debug] [WARNING] Running in "debug" mode. Switch to "release" mode in production.
 - using env:	export GIN_MODE=release
 - using code:	gin.SetMode(gin.ReleaseMode)

[GIN-debug] POST   /addMovie                 --> github.com/fukaraca/worth2watch/api.AddMovie (5 handlers)
[GIN-debug] GET    /movies                   --> github.com/fukaraca/worth2watch/api.Movies (5 handlers)
[GIN-debug] GET    /series                   --> github.com/fukaraca/worth2watch/api.Series (5 handlers)
[GIN-debug] GET    /seasons                  --> github.com/fukaraca/worth2watch/api.Seasons (5 handlers)
[GIN-debug] GET    /episodes                 --> github.com/fukaraca/worth2watch/api.Episodes (5 handlers)
[GIN-debug] GET    /user/:username           --> github.com/fukaraca/worth2watch/api.Auth.func1 (5 handlers)
[GIN-debug] POST   /register                 --> github.com/fukaraca/worth2watch/api.CheckRegistration (5 handlers)
[GIN-debug] POST   /login                    --> github.com/fukaraca/worth2watch/api.Login (5 handlers)
[GIN-debug] PATCH  /updateUser               --> github.com/fukaraca/worth2watch/api.Auth.func1 (5 handlers)
[GIN-debug] POST   /logout                   --> github.com/fukaraca/worth2watch/api.Auth.func1 (5 handlers)
[GIN-debug] [WARNING] You trusted all proxies, this is NOT safe. We recommend you to set a value.
Please check https://pkg.go.dev/github.com/gin-gonic/gin#readme-don-t-trust-all-proxies for details.
[GIN-debug] Listening and serving HTTP on :8080
[GIN-debug] [WARNING] Creating an Engine instance with the Logger and Recovery middleware already attached.

[GIN-debug] [WARNING] Running in "debug" mode. Switch to "release" mode in production.
 - using env:	export GIN_MODE=release
 - using code:	gin.SetMode(gin.ReleaseMode)

[GIN-debug] POST   /addMovie                 --> github.com/fukaraca/worth2watch/api.AddMovie (5 handlers)
[GIN-debug] GET    /movies                   --> github.com/fukaraca/worth2watch/api.Movies (5 handlers)
[GIN-debug] GET    /series                   --> github.com/fukaraca/worth2watch/api.Series (5 handlers)
[GIN-debug] GET    /seasons                  --> github.com/fukaraca/worth2watch/api.Seasons (5 handlers)
[GIN-debug] GET    /episodes                 --> github.com/fukaraca/worth2watch/api.Episodes (5 handlers)
[GIN-debug] GET    /user/:username           --> github.com/fukaraca/worth2watch/api.Auth.func1 (5 handlers)
[GIN-debug] POST   /register                 --> github.com/fukaraca/worth2watch/api.CheckRegistration (5 handlers)
[GIN-debug] POST   /login                    --> github.com/fukaraca/worth2watch/api.Login (5 handlers)
[GIN-debug] PATCH  /updateUser               --> github.com/fukaraca/worth2watch/api.Auth.func1 (5 handlers)
[GIN-debug] POST   /logout                   --> github.com/fukaraca/worth2watch/api.Auth.func1 (5 handlers)
[GIN-debug] [WARNING] You trusted all proxies, this is NOT safe. We recommend you to set a value.
Please check https://pkg.go.dev/github.com/gin-gonic/gin#readme-don-t-trust-all-proxies for details.
[GIN-debug] Listening and serving HTTP on :8080
[GIN-debug] [WARNING] Creating an Engine instance with the Logger and Recovery middleware already attached.

[GIN-debug] [WARNING] Running in "debug" mode. Switch to "release" mode in production.
 - using env:	export GIN_MODE=release
 - using code:	gin.SetMode(gin.ReleaseMode)

[GIN-debug] POST   /addMovie                 --> github.com/fukaraca/worth2watch/api.AddMovie (5 handlers)
[GIN-debug] GET    /movies                   --> github.com/fukaraca/worth2watch/api.Movies (5 handlers)
[GIN-debug] GET    /series                   --> github.com/fukaraca/worth2watch/api.Series (5 handlers)
[GIN-debug] GET    /seasons                  --> github.com/fukaraca/worth2watch/api.Seasons (5 handlers)
[GIN-debug] GET    /episodes                 --> github.com/fukaraca/worth2watch/api.Episodes (5 handlers)
[GIN-debug] GET    /user/:username           --> github.com/fukaraca/worth2watch/api.Auth.func1 (5 handlers)
[GIN-debug] POST   /register                 --> github.com/fukaraca/worth2watch/api.CheckRegistration (5 handlers)
[GIN-debug] POST   /login                    --> github.com/fukaraca/worth2watch/api.Login (5 handlers)
[GIN-debug] PATCH  /updateUser               --> github.com/fukaraca/worth2watch/api.Auth.func1 (5 handlers)
[GIN-debug] POST   /logout                   --> github.com/fukaraca/worth2watch/api.Auth.func1 (5 handlers)
[GIN-debug] [WARNING] You trusted all proxies, this is NOT safe. We recommend you to set a value.
Please check https://pkg.go.dev/github.com/gin-gonic/gin#readme-don-t-trust-all-proxies for details.
[GIN-debug] Listening and serving HTTP on :8080
[GIN-debug] [WARNING] Creating an Engine instance with the Logger and Recovery middleware already attached.

[GIN-debug] [WARNING] Running in "debug" mode. Switch to "release" mode in production.
 - using env:	export GIN_MODE=release
 - using code:	gin.SetMode(gin.ReleaseMode)

[GIN-debug] POST   /addMovie                 --> github.com/fukaraca/worth2watch/api.AddMovie (5 handlers)
[GIN-debug] GET    /movies                   --> github.com/fukaraca/worth2watch/api.Movies (5 handlers)
[GIN-debug] GET    /series                   --> github.com/fukaraca/worth2watch/api.Series (5 handlers)
[GIN-debug] GET    /seasons                  --> github.com/fukaraca/worth2watch/api.Seasons (5 handlers)
[GIN-debug] GET    /episodes                 --> github.com/fukaraca/worth2watch/api.Episodes (5 handlers)
[GIN-debug] GET    /user/:username           --> github.com/fukaraca/worth2watch/api.Auth.func1 (5 handlers)
[GIN-debug] POST   /register                 --> github.com/fukaraca/worth2watch/api.CheckRegistration (5 handlers)
[GIN-debug] POST   /login                    --> github.com/fukaraca/worth2watch/api.Login (5 handlers)
[GIN-debug] PATCH  /updateUser               --> github.com/fukaraca/worth2watch/api.Auth.func1 (5 handlers)
[GIN-debug] POST   /logout                   --> github.com/fukaraca/worth2watch/api.Auth.func1 (5 handlers)
[GIN-debug] [WARNING] You trusted all proxies, this is NOT safe. We recommend you to set a value.
Please check https://pkg.go.dev/github.com/gin-gonic/gin#readme-don-t-trust-all-proxies for details.
[GIN-debug] Listening and serving HTTP on :8080
[GIN-debug] [WARNING] Creating an Engine instance with the Logger and Recovery middleware already attached.

[GIN-debug] [WARNING] Running in "debug" mode. Switch to "release" mode in production.
 - using env:	export GIN_MODE=release
 - using code:	gin.SetMode(gin.ReleaseMode)

[GIN-debug] POST   /addMovie                 --> github.com/fukaraca/worth2watch/api.AddMovie (5 handlers)
[GIN-debug] GET    /movies                   --> github.com/fukaraca/worth2watch/api.Movies (5 handlers)
[GIN-debug] GET    /series                   --> github.com/fukaraca/worth2watch/api.Series (5 handlers)
[GIN-debug] GET    /seasons                  --> github.com/fukaraca/worth2watch/api.Seasons (5 handlers)
[GIN-debug] GET    /episodes                 --> github.com/fukaraca/worth2watch/api.Episodes (5 handlers)
[GIN-debug] GET    /user/:username           --> github.com/fukaraca/worth2watch/api.Auth.func1 (5 handlers)
[GIN-debug] POST   /register                 --> github.com/fukaraca/worth2watch/api.CheckRegistration (5 handlers)
[GIN-debug] POST   /login                    --> github.com/fukaraca/worth2watch/api.Login (5 handlers)
[GIN-debug] PATCH  /updateUser               --> github.com/fukaraca/worth2watch/api.Auth.func1 (5 handlers)
[GIN-debug] POST   /logout                   --> github.com/fukaraca/worth2watch/api.Auth.func1 (5 handlers)
[GIN-debug] [WARNING] You trusted all proxies, this is NOT safe. We recommend you to set a value.
Please check https://pkg.go.dev/github.com/gin-gonic/gin#readme-don-t-trust-all-proxies for details.
[GIN-debug] Listening and serving HTTP on :8080
[GIN-debug] [WARNING] Creating an Engine instance with the Logger and Recovery middleware already attached.

[GIN-debug] [WARNING] Running in "debug" mode. Switch to "release" mode in production.
 - using env:	export GIN_MODE=release
 - using code:	gin.SetMode(gin.ReleaseMode)

[GIN-debug] POST   /addMovie                 --> github.com/fukaraca/worth2watch/api.AddMovie (5 handlers)
[GIN-debug] GET    /movies                   --> github.com/fukaraca/worth2watch/api.Movies (5 handlers)
[GIN-debug] GET    /series                   --> github.com/fukaraca/worth2watch/api.Series (5 handlers)
[GIN-debug] GET    /seasons                  --> github.com/fukaraca/worth2watch/api.Seasons (5 handlers)
[GIN-debug] GET    /episodes                 --> github.com/fukaraca/worth2watch/api.Episodes (5 handlers)
[GIN-debug] GET    /user/:username           --> github.com/fukaraca/worth2watch/api.Auth.func1 (5 handlers)
[GIN-debug] POST   /register                 --> github.com/fukaraca/worth2watch/api.CheckRegistration (5 handlers)
[GIN-debug] POST   /login                    --> github.com/fukaraca/worth2watch/api.Login (5 handlers)
[GIN-debug] PATCH  /updateUser               --> github.com/fukaraca/worth2watch/api.Auth.func1 (5 handlers)
[GIN-debug] POST   /logout                   --> github.com/fukaraca/worth2watch/api.Auth.func1 (5 handlers)
[GIN-debug] [WARNING] You trusted all proxies, this is NOT safe. We recommend you to set a value.
Please check https://pkg.go.dev/github.com/gin-gonic/gin#readme-don-t-trust-all-proxies for details.
[GIN-debug] Listening and serving HTTP on :8080
[GIN] 2022/04/13 - 02:22:14 | 200 |    4.466807ms |             ::1 | POST     "/register"
[GIN] 2022/04/13 - 02:22:19 | 400 |     1.44175ms |             ::1 | POST     "/login"
[GIN-debug] [WARNING] Creating an Engine instance with the Logger and Recovery middleware already attached.

[GIN-debug] [WARNING] Running in "debug" mode. Switch to "release" mode in production.
 - using env:	export GIN_MODE=release
 - using code:	gin.SetMode(gin.ReleaseMode)

[GIN-debug] POST   /addMovie                 --> github.com/fukaraca/worth2watch/api.AddMovie (5 handlers)
[GIN-debug] GET    /movies                   --> github.com/fukaraca/worth2watch/api.Movies (5 handlers)
[GIN-debug] GET    /series                   --> github.com/fukaraca/worth2watch/api.Series (5 handlers)
[GIN-debug] GET    /seasons                  --> github.com/fukaraca/worth2watch/api.Seasons (5 handlers)
[GIN-debug] GET    /episodes                 --> github.com/fukaraca/worth2watch/api.Episodes (5 handlers)
[GIN-debug] GET    /user/:username           --> github.com/fukaraca/worth2watch/api.Auth.func1 (5 handlers)
[GIN-debug] POST   /register                 --> github.com/fukaraca/worth2watch/api.CheckRegistration (5 handlers)
[GIN-debug] POST   /login                    --> github.com/fukaraca/worth2watch/api.Login (5 handlers)
[GIN-debug] PATCH  /updateUser               --> github.com/fukaraca/worth2watch/api.Auth.func1 (5 handlers)
[GIN-debug] POST   /logout                   --> github.com/fukaraca/worth2watch/api.Auth.func1 (5 handlers)
[GIN-debug] [WARNING] You trusted all proxies, this is NOT safe. We recommend you to set a value.
Please check https://pkg.go.dev/github.com/gin-gonic/gin#readme-don-t-trust-all-proxies for details.
[GIN-debug] Listening and serving HTTP on :8080
[GIN-debug] [WARNING] Creating an Engine instance with the Logger and Recovery middleware already attached.

[GIN-debug] [WARNING] Running in "debug" mode. Switch to "release" mode in production.
 - using env:	export GIN_MODE=release
 - using code:	gin.SetMode(gin.ReleaseMode)

[GIN-debug] POST   /addMovie                 --> github.com/fukaraca/worth2watch/api.AddMovie (5 handlers)
[GIN-debug] GET    /movies                   --> github.com/fukaraca/worth2watch/api.Movies (5 handlers)
[GIN-debug] GET    /series                   --> github.com/fukaraca/worth2watch/api.Series (5 handlers)
[GIN-debug] GET    /seasons                  --> github.com/fukaraca/worth2watch/api.Seasons (5 handlers)
[GIN-debug] GET    /episodes                 --> github.com/fukaraca/worth2watch/api.Episodes (5 handlers)
[GIN-debug] GET    /user/:username           --> github.com/fukaraca/worth2watch/api.Auth.func1 (5 handlers)
[GIN-debug] POST   /register                 --> github.com/fukaraca/worth2watch/api.CheckRegistration (5 handlers)
[GIN-debug] POST   /login                    --> github.com/fukaraca/worth2watch/api.Login (5 handlers)
[GIN-debug] PATCH  /updateUser               --> github.com/fukaraca/worth2watch/api.Auth.func1 (5 handlers)
[GIN-debug] POST   /logout                   --> github.com/fukaraca/worth2watch/api.Auth.func1 (5 handlers)
[GIN-debug] [WARNING] You trusted all proxies, this is NOT safe. We recommend you to set a value.
Please check https://pkg.go.dev/github.com/gin-gonic/gin#readme-don-t-trust-all-proxies for details.
[GIN-debug] Listening and serving HTTP on :8080
[GIN-debug] [WARNING] Creating an Engine instance with the Logger and Recovery middleware already attached.

[GIN-debug] [WARNING] Running in "debug" mode. Switch to "release" mode in production.
 - using env:	export GIN_MODE=release
 - using code:	gin.SetMode(gin.ReleaseMode)

[GIN-debug] [WARNING] Creating an Engine instance with the Logger and Recovery middleware already attached.

[GIN-debug] [WARNING] Running in "debug" mode. Switch to "release" mode in production.
 - using env:	export GIN_MODE=release
 - using code:	gin.SetMode(gin.ReleaseMode)

[GIN-debug] POST   /addMovie                 --> github.com/fukaraca/worth2watch/api.AddMovie (5 handlers)
[GIN-debug] GET    /movies                   --> github.com/fukaraca/worth2watch/api.Movies (5 handlers)
[GIN-debug] GET    /series                   --> github.com/fukaraca/worth2watch/api.Series (5 handlers)
[GIN-debug] GET    /seasons                  --> github.com/fukaraca/worth2watch/api.Seasons (5 handlers)
[GIN-debug] GET    /episodes                 --> github.com/fukaraca/worth2watch/api.Episodes (5 handlers)
[GIN-debug] GET    /user/:username           --> github.com/fukaraca/worth2watch/api.Auth.func1 (5 handlers)
[GIN-debug] POST   /register                 --> github.com/fukaraca/worth2watch/api.CheckRegistration (5 handlers)
[GIN-debug] POST   /login                    --> github.com/fukaraca/worth2watch/api.Login (5 handlers)
[GIN-debug] PATCH  /updateUser               --> github.com/fukaraca/worth2watch/api.Auth.func1 (5 handlers)
[GIN-debug] POST   /logout                   --> github.com/fukaraca/worth2watch/api.Auth.func1 (5 handlers)
[GIN-debug] [WARNING] You trusted all proxies, this is NOT safe. We recommend you to set a value.
Please check https://pkg.go.dev/github.com/gin-gonic/gin#readme-don-t-trust-all-proxies for details.
[GIN-debug] Listening and serving HTTP on :8080
